This file contains any messages produced by compilers while
running configure, to aid debugging if configure makes a mistake.

It was created by fdk-aac configure 2.0.3, which was
generated by GNU Autoconf 2.71.  Invocation command line was

  $ ./configure --prefix=/usr/local --enable-static --disable-shared

## --------- ##
## Platform. ##
## --------- ##

hostname = fedora
uname -m = x86_64
uname -r = 6.10.6-200.fc40.x86_64
uname -s = Linux
uname -v = #1 SMP PREEMPT_DYNAMIC Mon Aug 19 14:09:30 UTC 2024

/usr/bin/uname -p = unknown
/bin/uname -X     = unknown

/bin/arch              = x86_64
/usr/bin/arch -k       = unknown
/usr/convex/getsysinfo = unknown
/usr/bin/hostinfo      = unknown
/bin/machine           = unknown
/usr/bin/oslevel       = unknown
/bin/universe          = unknown

PATH: /home/linuxbrew/.linuxbrew/bin/
PATH: /home/linuxbrew/.linuxbrew/sbin/
PATH: /home/aqib/.nvm/versions/node/v20.16.0/bin/
PATH: /home/aqib/.local/bin/
PATH: /home/aqib/bin/
PATH: /usr/local/bin/
PATH: /usr/local/sbin/
PATH: /usr/bin/
PATH: /usr/sbin/
PATH: /var/lib/snapd/snap/bin/
PATH: /home/aqib/.dotnet/tools/


## ----------- ##
## Core tests. ##
## ----------- ##

configure:2715: looking for aux files: config.guess config.sub ltmain.sh compile missing install-sh
configure:2728:  trying ././
configure:2757:   ././config.guess found
configure:2757:   ././config.sub found
configure:2757:   ././ltmain.sh found
configure:2757:   ././compile found
configure:2757:   ././missing found
configure:2739:   ././install-sh found
configure:2888: checking for a BSD-compatible install
configure:2961: result: /usr/bin/install -c
configure:2972: checking whether build environment is sane
configure:3027: result: yes
configure:3186: checking for a race-free mkdir -p
configure:3230: result: /usr/bin/mkdir -p
configure:3237: checking for gawk
configure:3258: found /usr/bin/gawk
configure:3269: result: gawk
configure:3280: checking whether make sets $(MAKE)
configure:3303: result: yes
configure:3333: checking whether make supports nested variables
configure:3351: result: yes
configure:3436: checking whether UID '1000' is supported by ustar format
configure:3439: result: yes
configure:3446: checking whether GID '1000' is supported by ustar format
configure:3449: result: yes
configure:3457: checking how to create a ustar tar archive
configure:3468: tar --version
tar (GNU tar) 1.35
Copyright (C) 2023 Free Software Foundation, Inc.
License GPLv3+: GNU GPL version 3 or later <https://gnu.org/licenses/gpl.html>.
This is free software: you are free to change and redistribute it.
There is NO WARRANTY, to the extent permitted by law.

Written by John Gilmore and Jay Fenlason.
configure:3471: $? = 0
configure:3511: tardir=conftest.dir && eval tar --format=ustar -chf - "$tardir" >conftest.tar
configure:3514: $? = 0
configure:3518: tar -xf - <conftest.tar
configure:3521: $? = 0
configure:3523: cat conftest.dir/file
GrepMe
configure:3526: $? = 0
configure:3540: result: gnutar
configure:3616: checking whether make supports nested variables
configure:3634: result: yes
configure:3726: checking for gcc
configure:3747: found /usr/bin/gcc
configure:3758: result: gcc
configure:4111: checking for C compiler version
configure:4120: gcc --version >&5
gcc (GCC) 14.2.1 20240801 (Red Hat 14.2.1-1)
Copyright (C) 2024 Free Software Foundation, Inc.
This is free software; see the source for copying conditions.  There is NO
warranty; not even for MERCHANTABILITY or FITNESS FOR A PARTICULAR PURPOSE.

configure:4131: $? = 0
configure:4120: gcc -v >&5
Using built-in specs.
COLLECT_GCC=gcc
COLLECT_LTO_WRAPPER=/usr/libexec/gcc/x86_64-redhat-linux/14/lto-wrapper
OFFLOAD_TARGET_NAMES=nvptx-none:amdgcn-amdhsa
OFFLOAD_TARGET_DEFAULT=1
Target: x86_64-redhat-linux
Configured with: ../configure --enable-bootstrap --enable-languages=c,c++,fortran,objc,obj-c++,ada,go,d,m2,lto --prefix=/usr --mandir=/usr/share/man --infodir=/usr/share/info --with-bugurl=http://bugzilla.redhat.com/bugzilla --enable-shared --enable-threads=posix --enable-checking=release --enable-multilib --with-system-zlib --enable-__cxa_atexit --disable-libunwind-exceptions --enable-gnu-unique-object --enable-linker-build-id --with-gcc-major-version-only --enable-libstdcxx-backtrace --with-libstdcxx-zoneinfo=/usr/share/zoneinfo --with-linker-hash-style=gnu --enable-plugin --enable-initfini-array --with-isl=/builddir/build/BUILD/gcc-14.2.1-20240801/obj-x86_64-redhat-linux/isl-install --enable-offload-targets=nvptx-none,amdgcn-amdhsa --enable-offload-defaulted --without-cuda-driver --enable-gnu-indirect-function --enable-cet --with-tune=generic --with-arch_32=i686 --build=x86_64-redhat-linux --with-build-config=bootstrap-lto --enable-link-serialization=1
Thread model: posix
Supported LTO compression algorithms: zlib zstd
gcc version 14.2.1 20240801 (Red Hat 14.2.1-1) (GCC) 
... rest of stderr output deleted ...
configure:4131: $? = 0
configure:4120: gcc -V >&5
gcc: error: unrecognized command-line option '-V'
gcc: fatal error: no input files
compilation terminated.
configure:4131: $? = 1
configure:4120: gcc -qversion >&5
gcc: error: unrecognized command-line option '-qversion'; did you mean '--version'?
gcc: fatal error: no input files
compilation terminated.
configure:4131: $? = 1
configure:4120: gcc -version >&5
gcc: error: unrecognized command-line option '-version'
gcc: fatal error: no input files
compilation terminated.
configure:4131: $? = 1
configure:4151: checking whether the C compiler works
configure:4173: gcc    conftest.c  >&5
configure:4177: $? = 0
configure:4227: result: yes
configure:4230: checking for C compiler default output file name
configure:4232: result: a.out
configure:4238: checking for suffix of executables
configure:4245: gcc -o conftest    conftest.c  >&5
configure:4249: $? = 0
configure:4272: result: 
configure:4294: checking whether we are cross compiling
configure:4302: gcc -o conftest    conftest.c  >&5
configure:4306: $? = 0
configure:4313: ./conftest
configure:4317: $? = 0
configure:4332: result: no
configure:4337: checking for suffix of object files
configure:4360: gcc -c   conftest.c >&5
configure:4364: $? = 0
configure:4386: result: o
configure:4390: checking whether the compiler supports GNU C
configure:4410: gcc -c   conftest.c >&5
configure:4410: $? = 0
configure:4420: result: yes
configure:4431: checking whether gcc accepts -g
configure:4452: gcc -c -g  conftest.c >&5
configure:4452: $? = 0
configure:4496: result: yes
configure:4516: checking for gcc option to enable C11 features
configure:4531: gcc  -c -g -O2  conftest.c >&5
configure:4531: $? = 0
configure:4549: result: none needed
configure:4665: checking whether gcc understands -c and -o together
configure:4688: gcc -c conftest.c -o conftest2.o
configure:4691: $? = 0
configure:4688: gcc -c conftest.c -o conftest2.o
configure:4691: $? = 0
configure:4703: result: yes
configure:4723: checking whether make supports the include directive
configure:4738: make -f confmf.GNU && cat confinc.out
this is the am__doit target
configure:4741: $? = 0
configure:4760: result: yes (GNU style)
configure:4786: checking dependency style of gcc
configure:4898: result: gcc3
configure:4982: checking for g++
configure:5003: found /usr/bin/g++
configure:5014: result: g++
configure:5041: checking for C++ compiler version
configure:5050: g++ --version >&5
g++ (GCC) 14.2.1 20240801 (Red Hat 14.2.1-1)
Copyright (C) 2024 Free Software Foundation, Inc.
This is free software; see the source for copying conditions.  There is NO
warranty; not even for MERCHANTABILITY or FITNESS FOR A PARTICULAR PURPOSE.

configure:5061: $? = 0
configure:5050: g++ -v >&5
Using built-in specs.
COLLECT_GCC=g++
COLLECT_LTO_WRAPPER=/usr/libexec/gcc/x86_64-redhat-linux/14/lto-wrapper
OFFLOAD_TARGET_NAMES=nvptx-none:amdgcn-amdhsa
OFFLOAD_TARGET_DEFAULT=1
Target: x86_64-redhat-linux
Configured with: ../configure --enable-bootstrap --enable-languages=c,c++,fortran,objc,obj-c++,ada,go,d,m2,lto --prefix=/usr --mandir=/usr/share/man --infodir=/usr/share/info --with-bugurl=http://bugzilla.redhat.com/bugzilla --enable-shared --enable-threads=posix --enable-checking=release --enable-multilib --with-system-zlib --enable-__cxa_atexit --disable-libunwind-exceptions --enable-gnu-unique-object --enable-linker-build-id --with-gcc-major-version-only --enable-libstdcxx-backtrace --with-libstdcxx-zoneinfo=/usr/share/zoneinfo --with-linker-hash-style=gnu --enable-plugin --enable-initfini-array --with-isl=/builddir/build/BUILD/gcc-14.2.1-20240801/obj-x86_64-redhat-linux/isl-install --enable-offload-targets=nvptx-none,amdgcn-amdhsa --enable-offload-defaulted --without-cuda-driver --enable-gnu-indirect-function --enable-cet --with-tune=generic --with-arch_32=i686 --build=x86_64-redhat-linux --with-build-config=bootstrap-lto --enable-link-serialization=1
Thread model: posix
Supported LTO compression algorithms: zlib zstd
gcc version 14.2.1 20240801 (Red Hat 14.2.1-1) (GCC) 
... rest of stderr output deleted ...
configure:5061: $? = 0
configure:5050: g++ -V >&5
g++: error: unrecognized command-line option '-V'
g++: fatal error: no input files
compilation terminated.
configure:5061: $? = 1
configure:5050: g++ -qversion >&5
g++: error: unrecognized command-line option '-qversion'; did you mean '--version'?
g++: fatal error: no input files
compilation terminated.
configure:5061: $? = 1
configure:5065: checking whether the compiler supports GNU C++
configure:5085: g++ -c   conftest.cpp >&5
configure:5085: $? = 0
configure:5095: result: yes
configure:5106: checking whether g++ accepts -g
configure:5127: g++ -c -g  conftest.cpp >&5
configure:5127: $? = 0
configure:5171: result: yes
configure:5191: checking for g++ option to enable C++11 features
configure:5206: g++  -c -g -O2  conftest.cpp >&5
conftest.cpp: In function 'int main(int, char**)':
conftest.cpp:177:25: warning: empty parentheses were disambiguated as a function declaration [-Wvexing-parse]
  177 |   cxx11test::delegate d2();
      |                         ^~
conftest.cpp:177:25: note: remove parentheses to default-initialize a variable
  177 |   cxx11test::delegate d2();
      |                         ^~
      |                         --
conftest.cpp:177:25: note: or replace parentheses with braces to value-initialize a variable
configure:5206: $? = 0
configure:5224: result: none needed
configure:5290: checking dependency style of g++
configure:5402: result: gcc3
configure:5449: checking build system type
configure:5464: result: x86_64-pc-linux-gnu
configure:5484: checking host system type
configure:5498: result: x86_64-pc-linux-gnu
configure:5539: checking how to print strings
configure:5566: result: printf
configure:5587: checking for a sed that does not truncate output
configure:5657: result: /usr/bin/sed
configure:5675: checking for grep that handles long lines and -e
configure:5739: result: /usr/bin/grep
configure:5744: checking for egrep
configure:5812: result: /usr/bin/grep -E
configure:5817: checking for fgrep
configure:5885: result: /usr/bin/grep -F
configure:5921: checking for ld used by gcc
configure:5989: result: /usr/bin/ld
configure:5996: checking if the linker (/usr/bin/ld) is GNU ld
configure:6012: result: yes
configure:6024: checking for BSD- or MS-compatible name lister (nm)
configure:6079: result: /usr/bin/nm -B
configure:6219: checking the name lister (/usr/bin/nm -B) interface
configure:6227: gcc -c -g -O2  conftest.c >&5
configure:6230: /usr/bin/nm -B "conftest.o"
configure:6233: output
0000000000000000 B some_variable
configure:6240: result: BSD nm
configure:6243: checking whether ln -s works
configure:6247: result: yes
configure:6255: checking the maximum length of command line arguments
configure:6387: result: 1572864
configure:6435: checking how to convert x86_64-pc-linux-gnu file names to x86_64-pc-linux-gnu format
configure:6476: result: func_convert_file_noop
configure:6483: checking how to convert x86_64-pc-linux-gnu file names to toolchain format
configure:6504: result: func_convert_file_noop
configure:6511: checking for /usr/bin/ld option to reload object files
configure:6519: result: -r
configure:6598: checking for file
configure:6619: found /usr/bin/file
configure:6630: result: file
configure:6706: checking for objdump
configure:6727: found /usr/bin/objdump
configure:6738: result: objdump
configure:6770: checking how to recognize dependent libraries
configure:6971: result: pass_all
configure:7061: checking for dlltool
configure:7096: result: no
configure:7126: checking how to associate runtime and link libraries
configure:7154: result: printf %s\n
configure:7220: checking for ar
configure:7241: found /usr/bin/ar
configure:7252: result: ar
configure:7305: checking for archiver @FILE support
configure:7323: gcc -c -g -O2  conftest.c >&5
configure:7323: $? = 0
configure:7327: ar cr libconftest.a @conftest.lst >&5
configure:7330: $? = 0
configure:7335: ar cr libconftest.a @conftest.lst >&5
ar: conftest.o: No such file or directory
configure:7338: $? = 1
configure:7350: result: @
configure:7413: checking for strip
configure:7434: found /usr/bin/strip
configure:7445: result: strip
configure:7522: checking for ranlib
configure:7543: found /usr/bin/ranlib
configure:7554: result: ranlib
configure:7656: checking command to parse /usr/bin/nm -B output from gcc object
configure:7810: gcc -c -g -O2  conftest.c >&5
configure:7813: $? = 0
configure:7817: /usr/bin/nm -B conftest.o \| /usr/bin/sed -n -e 's/^.*[ ]\([ABCDGIRSTW][ABCDGIRSTW]*\)[ ][ ]*\([_A-Za-z][_A-Za-z0-9]*\)$/\1 \2 \2/p' | /usr/bin/sed '/ __gnu_lto/d' \> conftest.nm
configure:7820: $? = 0
configure:7886: gcc -o conftest -g -O2   conftest.c conftstm.o >&5
configure:7889: $? = 0
configure:7927: result: ok
configure:7974: checking for sysroot
configure:8005: result: no
configure:8012: checking for a working dd
configure:8056: result: /usr/bin/dd
configure:8060: checking how to truncate binary pipes
configure:8076: result: /usr/bin/dd bs=4096 count=1
configure:8213: gcc -c -g -O2  conftest.c >&5
configure:8216: $? = 0
configure:8413: checking for mt
configure:8448: result: no
configure:8468: checking if : is a manifest tool
configure:8475: : '-?'
configure:8483: result: no
configure:9208: checking for stdio.h
configure:9208: gcc -c -g -O2  conftest.c >&5
configure:9208: $? = 0
configure:9208: result: yes
configure:9208: checking for stdlib.h
configure:9208: gcc -c -g -O2  conftest.c >&5
configure:9208: $? = 0
configure:9208: result: yes
configure:9208: checking for string.h
configure:9208: gcc -c -g -O2  conftest.c >&5
configure:9208: $? = 0
configure:9208: result: yes
configure:9208: checking for inttypes.h
configure:9208: gcc -c -g -O2  conftest.c >&5
configure:9208: $? = 0
configure:9208: result: yes
configure:9208: checking for stdint.h
configure:9208: gcc -c -g -O2  conftest.c >&5
configure:9208: $? = 0
configure:9208: result: yes
configure:9208: checking for strings.h
configure:9208: gcc -c -g -O2  conftest.c >&5
configure:9208: $? = 0
configure:9208: result: yes
configure:9208: checking for sys/stat.h
configure:9208: gcc -c -g -O2  conftest.c >&5
configure:9208: $? = 0
configure:9208: result: yes
configure:9208: checking for sys/types.h
configure:9208: gcc -c -g -O2  conftest.c >&5
configure:9208: $? = 0
configure:9208: result: yes
configure:9208: checking for unistd.h
configure:9208: gcc -c -g -O2  conftest.c >&5
configure:9208: $? = 0
configure:9208: result: yes
configure:9233: checking for dlfcn.h
configure:9233: gcc -c -g -O2  conftest.c >&5
configure:9233: $? = 0
configure:9233: result: yes
configure:9503: checking for objdir
configure:9519: result: .libs
configure:9783: checking if gcc supports -fno-rtti -fno-exceptions
configure:9802: gcc -c -g -O2  -fno-rtti -fno-exceptions conftest.c >&5
cc1: warning: command-line option '-fno-rtti' is valid for C++/D/ObjC++ but not for C
configure:9806: $? = 0
configure:9819: result: no
configure:10177: checking for gcc option to produce PIC
configure:10185: result: -fPIC -DPIC
configure:10193: checking if gcc PIC flag -fPIC -DPIC works
configure:10212: gcc -c -g -O2  -fPIC -DPIC -DPIC conftest.c >&5
configure:10216: $? = 0
configure:10229: result: yes
configure:10258: checking if gcc static flag -static works
configure:10287: result: no
configure:10302: checking if gcc supports -c -o file.o
configure:10324: gcc -c -g -O2  -o out/conftest2.o conftest.c >&5
configure:10328: $? = 0
configure:10350: result: yes
configure:10358: checking if gcc supports -c -o file.o
configure:10406: result: yes
configure:10439: checking whether the gcc linker (/usr/bin/ld -m elf_x86_64) supports shared libraries
configure:11707: result: yes
configure:11948: checking dynamic linker characteristics
configure:12530: gcc -o conftest -g -O2   -Wl,-rpath -Wl,/foo conftest.c  >&5
configure:12530: $? = 0
configure:12772: result: GNU/Linux ld.so
configure:12894: checking how to hardcode library paths into programs
configure:12919: result: immediate
configure:13471: checking whether stripping libraries is possible
configure:13480: result: yes
configure:13522: checking if libtool supports shared libraries
configure:13524: result: yes
configure:13527: checking whether to build shared libraries
configure:13552: result: no
configure:13555: checking whether to build static libraries
configure:13559: result: yes
configure:13582: checking how to run the C++ preprocessor
configure:13604: g++ -E  conftest.cpp
configure:13604: $? = 0
configure:13619: g++ -E  conftest.cpp
conftest.cpp:23:10: fatal error: ac_nonexistent.h: No such file or directory
   23 | #include <ac_nonexistent.h>
      |          ^~~~~~~~~~~~~~~~~~
compilation terminated.
configure:13619: $? = 1
configure: failed program was:
| /* confdefs.h */
| #define PACKAGE_NAME "fdk-aac"
| #define PACKAGE_TARNAME "fdk-aac"
| #define PACKAGE_VERSION "2.0.3"
| #define PACKAGE_STRING "fdk-aac 2.0.3"
| #define PACKAGE_BUGREPORT "http://sourceforge.net/projects/opencore-amr/"
| #define PACKAGE_URL ""
| #define PACKAGE "fdk-aac"
| #define VERSION "2.0.3"
| #define HAVE_STDIO_H 1
| #define HAVE_STDLIB_H 1
| #define HAVE_STRING_H 1
| #define HAVE_INTTYPES_H 1
| #define HAVE_STDINT_H 1
| #define HAVE_STRINGS_H 1
| #define HAVE_SYS_STAT_H 1
| #define HAVE_SYS_TYPES_H 1
| #define HAVE_UNISTD_H 1
| #define STDC_HEADERS 1
| #define HAVE_DLFCN_H 1
| #define LT_OBJDIR ".libs/"
| /* end confdefs.h.  */
| #include <ac_nonexistent.h>
configure:13646: result: g++ -E
configure:13660: g++ -E  conftest.cpp
configure:13660: $? = 0
configure:13675: g++ -E  conftest.cpp
conftest.cpp:23:10: fatal error: ac_nonexistent.h: No such file or directory
   23 | #include <ac_nonexistent.h>
      |          ^~~~~~~~~~~~~~~~~~
compilation terminated.
configure:13675: $? = 1
configure: failed program was:
| /* confdefs.h */
| #define PACKAGE_NAME "fdk-aac"
| #define PACKAGE_TARNAME "fdk-aac"
| #define PACKAGE_VERSION "2.0.3"
| #define PACKAGE_STRING "fdk-aac 2.0.3"
| #define PACKAGE_BUGREPORT "http://sourceforge.net/projects/opencore-amr/"
| #define PACKAGE_URL ""
| #define PACKAGE "fdk-aac"
| #define VERSION "2.0.3"
| #define HAVE_STDIO_H 1
| #define HAVE_STDLIB_H 1
| #define HAVE_STRING_H 1
| #define HAVE_INTTYPES_H 1
| #define HAVE_STDINT_H 1
| #define HAVE_STRINGS_H 1
| #define HAVE_SYS_STAT_H 1
| #define HAVE_SYS_TYPES_H 1
| #define HAVE_UNISTD_H 1
| #define STDC_HEADERS 1
| #define HAVE_DLFCN_H 1
| #define LT_OBJDIR ".libs/"
| /* end confdefs.h.  */
| #include <ac_nonexistent.h>
configure:13840: checking for ld used by g++
configure:13908: result: /usr/bin/ld -m elf_x86_64
configure:13915: checking if the linker (/usr/bin/ld -m elf_x86_64) is GNU ld
configure:13931: result: yes
configure:13986: checking whether the g++ linker (/usr/bin/ld -m elf_x86_64) supports shared libraries
configure:15064: result: yes
configure:15100: g++ -c -g -O2  conftest.cpp >&5
configure:15103: $? = 0
configure:15584: checking for g++ option to produce PIC
configure:15592: result: -fPIC -DPIC
configure:15600: checking if g++ PIC flag -fPIC -DPIC works
configure:15619: g++ -c -g -O2  -fPIC -DPIC -DPIC conftest.cpp >&5
configure:15623: $? = 0
configure:15636: result: yes
configure:15659: checking if g++ static flag -static works
configure:15688: result: no
configure:15700: checking if g++ supports -c -o file.o
configure:15722: g++ -c -g -O2  -o out/conftest2.o conftest.cpp >&5
configure:15726: $? = 0
configure:15748: result: yes
configure:15753: checking if g++ supports -c -o file.o
configure:15801: result: yes
configure:15831: checking whether the g++ linker (/usr/bin/ld -m elf_x86_64) supports shared libraries
configure:15871: result: yes
configure:16013: checking dynamic linker characteristics
configure:16764: result: GNU/Linux ld.so
configure:16829: checking how to hardcode library paths into programs
configure:16854: result: immediate
configure:16916: checking for library containing sin
configure:16946: gcc -o conftest -g -O2   conftest.c  >&5
conftest.c:27:6: warning: conflicting types for built-in function 'sin'; expected 'double(double)' [-Wbuiltin-declaration-mismatch]
   27 | char sin ();
      |      ^~~
conftest.c:1:1: note: 'sin' is declared in header '<math.h>'
    1 | /* confdefs.h */
/usr/bin/ld: /tmp/ccREY7Rp.o: in function `main':
/home/aqib/FFmpeg/fdk-aac/conftest.c:31:(.text.startup+0x7): undefined reference to `sin'
collect2: error: ld returned 1 exit status
configure:16946: $? = 1
configure: failed program was:
| /* confdefs.h */
| #define PACKAGE_NAME "fdk-aac"
| #define PACKAGE_TARNAME "fdk-aac"
| #define PACKAGE_VERSION "2.0.3"
| #define PACKAGE_STRING "fdk-aac 2.0.3"
| #define PACKAGE_BUGREPORT "http://sourceforge.net/projects/opencore-amr/"
| #define PACKAGE_URL ""
| #define PACKAGE "fdk-aac"
| #define VERSION "2.0.3"
| #define HAVE_STDIO_H 1
| #define HAVE_STDLIB_H 1
| #define HAVE_STRING_H 1
| #define HAVE_INTTYPES_H 1
| #define HAVE_STDINT_H 1
| #define HAVE_STRINGS_H 1
| #define HAVE_SYS_STAT_H 1
| #define HAVE_SYS_TYPES_H 1
| #define HAVE_UNISTD_H 1
| #define STDC_HEADERS 1
| #define HAVE_DLFCN_H 1
| #define LT_OBJDIR ".libs/"
| /* end confdefs.h.  */
| 
| /* Override any GCC internal prototype to avoid an error.
|    Use char because int might match the return type of a GCC
|    builtin and then its argument prototype would still apply.  */
| char sin ();
| int
| main (void)
| {
| return sin ();
|   ;
|   return 0;
| }
configure:16946: gcc -o conftest -g -O2   conftest.c -lm   >&5
conftest.c:27:6: warning: conflicting types for built-in function 'sin'; expected 'double(double)' [-Wbuiltin-declaration-mismatch]
   27 | char sin ();
      |      ^~~
conftest.c:1:1: note: 'sin' is declared in header '<math.h>'
    1 | /* confdefs.h */
configure:16946: $? = 0
configure:16966: result: -lm
configure:17127: checking that generated files are newer than configure
configure:17133: result: done
configure:17164: creating ./config.status

## ---------------------- ##
## Running config.status. ##
## ---------------------- ##

This file was extended by fdk-aac config.status 2.0.3, which was
generated by GNU Autoconf 2.71.  Invocation command line was

  CONFIG_FILES    = 
  CONFIG_HEADERS  = 
  CONFIG_LINKS    = 
  CONFIG_COMMANDS = 
  $ ./config.status 

on fedora

config.status:1074: creating Makefile
config.status:1074: creating fdk-aac.pc
config.status:1246: executing depfiles commands
config.status:1323: cd .       && sed -e '/# am--include-marker/d' Makefile         | make -f - am--depfiles
config.status:1328: $? = 0
config.status:1246: executing libtool commands

## ---------------- ##
## Cache variables. ##
## ---------------- ##

ac_cv_build=x86_64-pc-linux-gnu
ac_cv_c_compiler_gnu=yes
ac_cv_cxx_compiler_gnu=yes
ac_cv_env_CCC_set=
ac_cv_env_CCC_value=
ac_cv_env_CC_set=
ac_cv_env_CC_value=
ac_cv_env_CFLAGS_set=
ac_cv_env_CFLAGS_value=
ac_cv_env_CPPFLAGS_set=
ac_cv_env_CPPFLAGS_value=
ac_cv_env_CXXCPP_set=
ac_cv_env_CXXCPP_value=
ac_cv_env_CXXFLAGS_set=
ac_cv_env_CXXFLAGS_value=
ac_cv_env_CXX_set=
ac_cv_env_CXX_value=
ac_cv_env_LDFLAGS_set=
ac_cv_env_LDFLAGS_value=
ac_cv_env_LIBS_set=
ac_cv_env_LIBS_value=
ac_cv_env_LT_SYS_LIBRARY_PATH_set=
ac_cv_env_LT_SYS_LIBRARY_PATH_value=
ac_cv_env_build_alias_set=
ac_cv_env_build_alias_value=
ac_cv_env_host_alias_set=
ac_cv_env_host_alias_value=
ac_cv_env_target_alias_set=
ac_cv_env_target_alias_value=
ac_cv_header_dlfcn_h=yes
ac_cv_header_inttypes_h=yes
ac_cv_header_stdint_h=yes
ac_cv_header_stdio_h=yes
ac_cv_header_stdlib_h=yes
ac_cv_header_string_h=yes
ac_cv_header_strings_h=yes
ac_cv_header_sys_stat_h=yes
ac_cv_header_sys_types_h=yes
ac_cv_header_unistd_h=yes
ac_cv_host=x86_64-pc-linux-gnu
ac_cv_objext=o
ac_cv_path_EGREP='/usr/bin/grep -E'
ac_cv_path_FGREP='/usr/bin/grep -F'
ac_cv_path_GREP=/usr/bin/grep
ac_cv_path_SED=/usr/bin/sed
ac_cv_path_install='/usr/bin/install -c'
ac_cv_path_lt_DD=/usr/bin/dd
ac_cv_path_mkdir=/usr/bin/mkdir
ac_cv_prog_AWK=gawk
ac_cv_prog_CXXCPP='g++ -E'
ac_cv_prog_ac_ct_AR=ar
ac_cv_prog_ac_ct_CC=gcc
ac_cv_prog_ac_ct_CXX=g++
ac_cv_prog_ac_ct_FILECMD=file
ac_cv_prog_ac_ct_OBJDUMP=objdump
ac_cv_prog_ac_ct_RANLIB=ranlib
ac_cv_prog_ac_ct_STRIP=strip
ac_cv_prog_cc_c11=
ac_cv_prog_cc_g=yes
ac_cv_prog_cc_stdc=
ac_cv_prog_cxx_cxx11=
ac_cv_prog_cxx_g=yes
ac_cv_prog_cxx_stdcxx=
ac_cv_prog_make_make_set=yes
ac_cv_search_sin=-lm
am_cv_CC_dependencies_compiler_type=gcc3
am_cv_CXX_dependencies_compiler_type=gcc3
am_cv_make_support_nested_variables=yes
am_cv_prog_cc_c_o=yes
am_cv_prog_tar_ustar=gnutar
lt_cv_ar_at_file=@
lt_cv_deplibs_check_method=pass_all
lt_cv_file_magic_cmd='$MAGIC_CMD'
lt_cv_file_magic_test_file=
lt_cv_ld_reload_flag=-r
lt_cv_nm_interface='BSD nm'
lt_cv_objdir=.libs
lt_cv_path_LD=/usr/bin/ld
lt_cv_path_LDCXX='/usr/bin/ld -m elf_x86_64'
lt_cv_path_NM='/usr/bin/nm -B'
lt_cv_path_mainfest_tool=no
lt_cv_prog_compiler_c_o=yes
lt_cv_prog_compiler_c_o_CXX=yes
lt_cv_prog_compiler_pic='-fPIC -DPIC'
lt_cv_prog_compiler_pic_CXX='-fPIC -DPIC'
lt_cv_prog_compiler_pic_works=yes
lt_cv_prog_compiler_pic_works_CXX=yes
lt_cv_prog_compiler_rtti_exceptions=no
lt_cv_prog_compiler_static_works=no
lt_cv_prog_compiler_static_works_CXX=no
lt_cv_prog_gnu_ld=yes
lt_cv_prog_gnu_ldcxx=yes
lt_cv_sharedlib_from_linklib_cmd='printf %s\n'
lt_cv_shlibpath_overrides_runpath=yes
lt_cv_sys_global_symbol_pipe='/usr/bin/sed -n -e '\''s/^.*[	 ]\([ABCDGIRSTW][ABCDGIRSTW]*\)[	 ][	 ]*\([_A-Za-z][_A-Za-z0-9]*\)$/\1 \2 \2/p'\'' | /usr/bin/sed '\''/ __gnu_lto/d'\'''
lt_cv_sys_global_symbol_to_c_name_address='/usr/bin/sed -n -e '\''s/^: \(.*\) .*$/  {"\1", (void *) 0},/p'\'' -e '\''s/^[ABCDGIRSTW][ABCDGIRSTW]* .* \(.*\)$/  {"\1", (void *) \&\1},/p'\'''
lt_cv_sys_global_symbol_to_c_name_address_lib_prefix='/usr/bin/sed -n -e '\''s/^: \(.*\) .*$/  {"\1", (void *) 0},/p'\'' -e '\''s/^[ABCDGIRSTW][ABCDGIRSTW]* .* \(lib.*\)$/  {"\1", (void *) \&\1},/p'\'' -e '\''s/^[ABCDGIRSTW][ABCDGIRSTW]* .* \(.*\)$/  {"lib\1", (void *) \&\1},/p'\'''
lt_cv_sys_global_symbol_to_cdecl='/usr/bin/sed -n -e '\''s/^T .* \(.*\)$/extern int \1();/p'\'' -e '\''s/^[ABCDGIRSTW][ABCDGIRSTW]* .* \(.*\)$/extern char \1;/p'\'''
lt_cv_sys_global_symbol_to_import=
lt_cv_sys_max_cmd_len=1572864
lt_cv_to_host_file_cmd=func_convert_file_noop
lt_cv_to_tool_file_cmd=func_convert_file_noop
lt_cv_truncate_bin='/usr/bin/dd bs=4096 count=1'

## ----------------- ##
## Output variables. ##
## ----------------- ##

ACLOCAL='${SHELL} '\''/home/aqib/FFmpeg/fdk-aac/missing'\'' aclocal-1.16'
AMDEPBACKSLASH='\'
AMDEP_FALSE='#'
AMDEP_TRUE=''
AMTAR='$${TAR-tar}'
AM_BACKSLASH='\'
AM_DEFAULT_V='$(AM_DEFAULT_VERBOSITY)'
AM_DEFAULT_VERBOSITY='0'
AM_V='$(V)'
AR='ar'
AUTOCONF='${SHELL} '\''/home/aqib/FFmpeg/fdk-aac/missing'\'' autoconf'
AUTOHEADER='${SHELL} '\''/home/aqib/FFmpeg/fdk-aac/missing'\'' autoheader'
AUTOMAKE='${SHELL} '\''/home/aqib/FFmpeg/fdk-aac/missing'\'' automake-1.16'
AWK='gawk'
CC='gcc'
CCDEPMODE='depmode=gcc3'
CFLAGS='-g -O2'
CPPFLAGS=''
CSCOPE='cscope'
CTAGS='ctags'
CXX='g++'
CXXCPP='g++ -E'
CXXDEPMODE='depmode=gcc3'
CXXFLAGS='-g -O2'
CYGPATH_W='echo'
DEFS='-DPACKAGE_NAME=\"fdk-aac\" -DPACKAGE_TARNAME=\"fdk-aac\" -DPACKAGE_VERSION=\"2.0.3\" -DPACKAGE_STRING=\"fdk-aac\ 2.0.3\" -DPACKAGE_BUGREPORT=\"http://sourceforge.net/projects/opencore-amr/\" -DPACKAGE_URL=\"\" -DPACKAGE=\"fdk-aac\" -DVERSION=\"2.0.3\" -DHAVE_STDIO_H=1 -DHAVE_STDLIB_H=1 -DHAVE_STRING_H=1 -DHAVE_INTTYPES_H=1 -DHAVE_STDINT_H=1 -DHAVE_STRINGS_H=1 -DHAVE_SYS_STAT_H=1 -DHAVE_SYS_TYPES_H=1 -DHAVE_UNISTD_H=1 -DSTDC_HEADERS=1 -DHAVE_DLFCN_H=1 -DLT_OBJDIR=\".libs/\"'
DEPDIR='.deps'
DLLTOOL='false'
DSYMUTIL=''
DUMPBIN=''
ECHO_C=''
ECHO_N='-n'
ECHO_T=''
EGREP='/usr/bin/grep -E'
ETAGS='etags'
EXAMPLE_FALSE=''
EXAMPLE_TRUE='#'
EXEEXT=''
FDK_AAC_VERSION='2:3:0'
FGREP='/usr/bin/grep -F'
FILECMD='file'
GREP='/usr/bin/grep'
INSTALL_DATA='${INSTALL} -m 644'
INSTALL_PROGRAM='${INSTALL}'
INSTALL_SCRIPT='${INSTALL}'
INSTALL_STRIP_PROGRAM='$(install_sh) -c -s'
LD='/usr/bin/ld -m elf_x86_64'
LDFLAGS=''
LIBOBJS=''
LIBS='-lm '
LIBS_PRIVATE=''
LIBS_PUBLIC='-lm '
LIBTOOL='$(SHELL) $(top_builddir)/libtool'
LIPO=''
LN_S='ln -s'
LTLIBOBJS=''
LT_SYS_LIBRARY_PATH=''
MAKEINFO='${SHELL} '\''/home/aqib/FFmpeg/fdk-aac/missing'\'' makeinfo'
MANIFEST_TOOL=':'
MKDIR_P='/usr/bin/mkdir -p'
NM='/usr/bin/nm -B'
NMEDIT=''
OBJDUMP='objdump'
OBJEXT='o'
OTOOL64=''
OTOOL=''
PACKAGE='fdk-aac'
PACKAGE_BUGREPORT='http://sourceforge.net/projects/opencore-amr/'
PACKAGE_NAME='fdk-aac'
PACKAGE_STRING='fdk-aac 2.0.3'
PACKAGE_TARNAME='fdk-aac'
PACKAGE_URL=''
PACKAGE_VERSION='2.0.3'
PATH_SEPARATOR=':'
RANLIB='ranlib'
SED='/usr/bin/sed'
SET_MAKE=''
SHELL='/bin/sh'
STRIP='strip'
VERSION='2.0.3'
ac_ct_AR='ar'
ac_ct_CC='gcc'
ac_ct_CXX='g++'
ac_ct_DUMPBIN=''
am__EXEEXT_FALSE=''
am__EXEEXT_TRUE='#'
am__fastdepCC_FALSE='#'
am__fastdepCC_TRUE=''
am__fastdepCXX_FALSE='#'
am__fastdepCXX_TRUE=''
am__include='include'
am__isrc=''
am__leading_dot='.'
am__nodep='_no'
am__quote=''
am__tar='tar --format=ustar -chf - "$$tardir"'
am__untar='tar -xf -'
bindir='${exec_prefix}/bin'
build='x86_64-pc-linux-gnu'
build_alias=''
build_cpu='x86_64'
build_os='linux-gnu'
build_vendor='pc'
datadir='${datarootdir}'
datarootdir='${prefix}/share'
docdir='${datarootdir}/doc/${PACKAGE_TARNAME}'
dvidir='${docdir}'
exec_prefix='${prefix}'
host='x86_64-pc-linux-gnu'
host_alias=''
host_cpu='x86_64'
host_os='linux-gnu'
host_vendor='pc'
htmldir='${docdir}'
includedir='${prefix}/include'
infodir='${datarootdir}/info'
install_sh='${SHELL} /home/aqib/FFmpeg/fdk-aac/install-sh'
libdir='${exec_prefix}/lib'
libexecdir='${exec_prefix}/libexec'
localedir='${datarootdir}/locale'
localstatedir='${prefix}/var'
mandir='${datarootdir}/man'
mkdir_p='$(MKDIR_P)'
oldincludedir='/usr/include'
pdfdir='${docdir}'
prefix='/usr/local'
program_transform_name='s,x,x,'
psdir='${docdir}'
runstatedir='${localstatedir}/run'
sbindir='${exec_prefix}/sbin'
sharedstatedir='${prefix}/com'
sysconfdir='${prefix}/etc'
target_alias=''

## ----------- ##
## confdefs.h. ##
## ----------- ##

/* confdefs.h */
#define PACKAGE_NAME "fdk-aac"
#define PACKAGE_TARNAME "fdk-aac"
#define PACKAGE_VERSION "2.0.3"
#define PACKAGE_STRING "fdk-aac 2.0.3"
#define PACKAGE_BUGREPORT "http://sourceforge.net/projects/opencore-amr/"
#define PACKAGE_URL ""
#define PACKAGE "fdk-aac"
#define VERSION "2.0.3"
#define HAVE_STDIO_H 1
#define HAVE_STDLIB_H 1
#define HAVE_STRING_H 1
#define HAVE_INTTYPES_H 1
#define HAVE_STDINT_H 1
#define HAVE_STRINGS_H 1
#define HAVE_SYS_STAT_H 1
#define HAVE_SYS_TYPES_H 1
#define HAVE_UNISTD_H 1
#define STDC_HEADERS 1
#define HAVE_DLFCN_H 1
#define LT_OBJDIR ".libs/"

configure: exit 0
